<?xml version="1.0" encoding="UTF-8"?>
<!-- Generated by org.testng.reporters.JUnitXMLReporter -->
<testsuite hostname="DESKTOP-8UMI3GL" ignored="0" name="CreateAccount" tests="2" failures="0" timestamp="03 Sep 2021 03:51:51 GMT" time="15.65" errors="0">
  <testcase name="testFieldValidations" time="3.61" classname="UiTests.CreateAccountPageTest"/>
  <testcase name="testCreateAccountWithProperInformation" time="2.718" classname="UiTests.CreateAccountPageTest"/>
</testsuite> <!-- CreateAccount -->
