<?xml version="1.0" encoding="UTF-8"?>
<!-- Generated by org.testng.reporters.JUnitXMLReporter -->
<testsuite hostname="DESKTOP-8UMI3GL" ignored="0" name="Login" tests="4" failures="0" timestamp="03 Sep 2021 03:52:11 GMT" time="20.761" errors="0">
  <testcase name="loginPage" time="0.096" classname="UiTests.LoginTest"/>
  <testcase name="testInvalidCredentials" time="1.435" classname="UiTests.LoginTest"/>
  <testcase name="testLoginWithoutCredentials" time="3.081" classname="UiTests.LoginTest"/>
  <testcase name="testSuccessfulLogin" time="2.96" classname="UiTests.LoginTest"/>
</testsuite> <!-- Login -->
