<?xml version="1.0" encoding="UTF-8"?>
<!-- Generated by org.testng.reporters.JUnitXMLReporter -->
<testsuite hostname="DESKTOP-8UMI3GL" ignored="0" name="SignIn" tests="3" failures="0" timestamp="03 Sep 2021 03:51:35 GMT" time="13.811" errors="0">
  <testcase name="testWithEmptyEmail" time="0.885" classname="UiTests.SignInPageTest"/>
  <testcase name="testWithExistingEmail" time="0.797" classname="UiTests.SignInPageTest"/>
  <testcase name="testWithProperData" time="1.757" classname="UiTests.SignInPageTest"/>
</testsuite> <!-- SignIn -->
